#-----------------------------------------------------------
# xsim v2021.1 (64-bit)
# SW Build 3247384 on Thu Jun 10 19:36:07 MDT 2021
# IP Build 3246043 on Fri Jun 11 00:30:35 MDT 2021
# Start of session at: Wed Nov  2 23:10:38 2022
# Process ID: 3416777
# Current directory: /nethome/zchen752/Linear/fc_layer/solution1/sim/verilog
# Command line: xsim -mode tcl -source {xsim.dir/LINEAR/xsim_script.tcl}
# Log file: /nethome/zchen752/Linear/fc_layer/solution1/sim/verilog/xsim.log
# Journal file: /nethome/zchen752/Linear/fc_layer/solution1/sim/verilog/xsim.jou
#-----------------------------------------------------------
source xsim.dir/LINEAR/xsim_script.tcl
# xsim {LINEAR} -autoloadwcfg -tclbatch {LINEAR.tcl}
Time resolution is 1 ps
source LINEAR.tcl
## run all
////////////////////////////////////////////////////////////////////////////////////
// Inter-Transaction Progress: Completed Transaction / Total Transaction
// Intra-Transaction Progress: Measured Latency / Latency Estimation * 100%
//
// RTL Simulation : "Inter-Transaction Progress" ["Intra-Transaction Progress"] @ "Simulation Time"
////////////////////////////////////////////////////////////////////////////////////
// RTL Simulation : 0 / 1 [n/a] @ "125000"
// RTL Simulation : 0 / 1 [n/a] @ "100000145000"
// RTL Simulation : 0 / 1 [n/a] @ "200000155000"
// RTL Simulation : 0 / 1 [n/a] @ "300000165000"
// RTL Simulation : 0 / 1 [n/a] @ "400000175000"
