

================================================================
== Vitis HLS Report for 'RunDataFlow'
================================================================
* Date:           Wed Nov  2 23:07:50 2022

* Version:        2021.1 (Build 3247384 on Thu Jun 10 19:36:07 MDT 2021)
* Project:        fc_layer
* Solution:       solution1 (Vivado IP Flow Target)
* Product family: virtexuplus
* Target device:  xcvu11p-flga2577-1-e


================================================================
== Performance Estimates
================================================================
+ Timing: 
    * Summary: 
    +--------+----------+----------+------------+
    |  Clock |  Target  | Estimated| Uncertainty|
    +--------+----------+----------+------------+
    |ap_clk  |  10.00 ns|  6.257 ns|     2.70 ns|
    +--------+----------+----------+------------+

+ Latency: 
    * Summary: 
    +---------+---------+----------+----------+-----+-----+---------+
    |  Latency (cycles) |  Latency (absolute) |  Interval | Pipeline|
    |   min   |   max   |    min   |    max   | min | max |   Type  |
    +---------+---------+----------+----------+-----+-----+---------+
    |        ?|        ?|         ?|         ?|    ?|    ?|       no|
    +---------+---------+----------+----------+-----+-----+---------+

    + Detail: 
        * Instance: 
        +--------------------------------------------------+---------------------------------------+---------+---------+-----------+-----------+------+------+---------+
        |                                                  |                                       |  Latency (cycles) |   Latency (absolute)  |   Interval  | Pipeline|
        |                     Instance                     |                 Module                |   min   |   max   |    min    |    max    |  min |  max |   Type  |
        +--------------------------------------------------+---------------------------------------+---------+---------+-----------+-----------+------+------+---------+
        |grp_CreateBitMask_fu_171                          |CreateBitMask                          |        ?|        ?|          ?|          ?|     ?|     ?|       no|
        |grp_RunDataFlow_Pipeline_VITIS_LOOP_341_1_fu_243  |RunDataFlow_Pipeline_VITIS_LOOP_341_1  |       34|       34|   0.340 us|   0.340 us|    34|    34|       no|
        |grp_DPEComputation_fu_250                         |DPEComputation                         |     1331|     1331|  13.310 us|  13.310 us|  1331|  1331|       no|
        +--------------------------------------------------+---------------------------------------+---------+---------+-----------+-----------+------+------+---------+

        * Loop: 
        +---------------------+---------+---------+----------+-----------+-----------+------+----------+
        |                     |  Latency (cycles) | Iteration|  Initiation Interval  | Trip |          |
        |      Loop Name      |   min   |   max   |  Latency |  achieved |   target  | Count| Pipelined|
        +---------------------+---------+---------+----------+-----------+-----------+------+----------+
        |- VITIS_LOOP_352_1   |        ?|        ?|         ?|          -|          -|     ?|        no|
        | + VITIS_LOOP_357_2  |        ?|        ?|      1333|          -|          -|     ?|        no|
        +---------------------+---------+---------+----------+-----------+-----------+------+----------+



================================================================
== Utilization Estimates
================================================================
* Summary: 
+---------------------+---------+------+---------+---------+-----+
|         Name        | BRAM_18K|  DSP |    FF   |   LUT   | URAM|
+---------------------+---------+------+---------+---------+-----+
|DSP                  |        -|     -|        -|        -|    -|
|Expression           |        -|     -|        0|      249|    -|
|FIFO                 |        -|     -|        -|        -|    -|
|Instance             |        2|    63|     4139|    16687|    0|
|Memory               |       37|     -|       80|       20|    0|
|Multiplexer          |        -|     -|        -|      601|    -|
|Register             |        -|     -|      281|        -|    -|
+---------------------+---------+------+---------+---------+-----+
|Total                |       39|    63|     4500|    17557|    0|
+---------------------+---------+------+---------+---------+-----+
|Available SLR        |     1344|  3072|   864000|   432000|  320|
+---------------------+---------+------+---------+---------+-----+
|Utilization SLR (%)  |        2|     2|       ~0|        4|    0|
+---------------------+---------+------+---------+---------+-----+
|Available            |     4032|  9216|  2592000|  1296000|  960|
+---------------------+---------+------+---------+---------+-----+
|Utilization (%)      |       ~0|    ~0|       ~0|        1|    0|
+---------------------+---------+------+---------+---------+-----+

+ Detail: 
    * Instance: 
    +--------------------------------------------------+---------------------------------------+---------+----+------+-------+-----+
    |                     Instance                     |                 Module                | BRAM_18K| DSP|  FF  |  LUT  | URAM|
    +--------------------------------------------------+---------------------------------------+---------+----+------+-------+-----+
    |grp_CreateBitMask_fu_171                          |CreateBitMask                          |        0|   0|   722|  12525|    0|
    |grp_DPEComputation_fu_250                         |DPEComputation                         |        2|  60|  3402|   4053|    0|
    |grp_RunDataFlow_Pipeline_VITIS_LOOP_341_1_fu_243  |RunDataFlow_Pipeline_VITIS_LOOP_341_1  |        0|   0|    15|     72|    0|
    |mul_28s_28s_32_1_1_U589                           |mul_28s_28s_32_1_1                     |        0|   3|     0|     37|    0|
    +--------------------------------------------------+---------------------------------------+---------+----+------+-------+-----+
    |Total                                             |                                       |        2|  63|  4139|  16687|    0|
    +--------------------------------------------------+---------------------------------------+---------+----+------+-------+-----+

    * DSP: 
    N/A

    * Memory: 
    +-------------------------------+----------------------------------------+---------+----+----+-----+------+-----+------+-------------+
    |             Memory            |                 Module                 | BRAM_18K| FF | LUT| URAM| Words| Bits| Banks| W*Bits*Banks|
    +-------------------------------+----------------------------------------+---------+----+----+-----+------+-----+------+-------------+
    |IACT_TEMP_BUFFER_V_U           |RunDataFlow_IACT_TEMP_BUFFER_V          |        1|   0|   0|    0|    32|   32|     1|         1024|
    |first_bit_buffer_weights_V_U   |RunDataFlow_first_bit_buffer_weights_V  |        0|  40|  10|    0|    32|   20|     1|          640|
    |second_bit_buffer_weights_V_U  |RunDataFlow_first_bit_buffer_weights_V  |        0|  40|  10|    0|    32|   20|     1|          640|
    |first_processing_buffer_V_U    |RunDataFlow_first_processing_buffer_V   |       18|   0|   0|    0|    32|  640|     1|        20480|
    |second_processing_buffer_V_U   |RunDataFlow_first_processing_buffer_V   |       18|   0|   0|    0|    32|  640|     1|        20480|
    +-------------------------------+----------------------------------------+---------+----+----+-----+------+-----+------+-------------+
    |Total                          |                                        |       37|  80|  20|    0|   160| 1352|     5|        43264|
    +-------------------------------+----------------------------------------+---------+----+----+-----+------+-----+------+-------------+

    * FIFO: 
    N/A

    * Expression: 
    +---------------------------------+----------+----+---+----+------------+------------+
    |          Variable Name          | Operation| DSP| FF| LUT| Bitwidth P0| Bitwidth P1|
    +---------------------------------+----------+----+---+----+------------+------------+
    |add_ln352_fu_297_p2              |         +|   0|  0|  39|          32|          32|
    |batch_fu_341_p2                  |         +|   0|  0|  39|          32|          32|
    |i_3_fu_311_p2                    |         +|   0|  0|  34|          27|           1|
    |j_1_fu_335_p2                    |         +|   0|  0|  34|          27|           1|
    |sub_i_fu_285_p2                  |         +|   0|  0|  39|          32|           2|
    |ap_predicate_op100_call_state6   |       and|   0|  0|   2|           1|           1|
    |ap_predicate_op96_call_state6    |       and|   0|  0|   2|           1|           1|
    |icmp_ln352_fu_306_p2             |      icmp|   0|  0|  18|          28|          28|
    |icmp_ln357_fu_330_p2             |      icmp|   0|  0|  18|          28|          28|
    |icmp_ln359_fu_350_p2             |      icmp|   0|  0|  20|          32|          32|
    |ap_block_state1                  |        or|   0|  0|   2|           1|           1|
    |ap_block_state6_on_subcall_done  |        or|   0|  0|   2|           1|           1|
    +---------------------------------+----------+----+---+----+------------+------------+
    |Total                            |          |   0|  0| 249|         242|         160|
    +---------------------------------+----------+----+---+----+------------+------------+

    * Multiplexer: 
    +-------------------------------------------------+----+-----------+-----+-----------+
    |                       Name                      | LUT| Input Size| Bits| Total Bits|
    +-------------------------------------------------+----+-----------+-----+-----------+
    |IACT_TEMP_BUFFER_V_address0                      |  14|          3|    5|         15|
    |IACT_TEMP_BUFFER_V_ce0                           |  14|          3|    1|          3|
    |IACT_TEMP_BUFFER_V_we0                           |   9|          2|    1|          2|
    |ap_NS_fsm                                        |  37|          7|    1|          7|
    |ap_done                                          |   9|          2|    1|          2|
    |first_bit_buffer_weights_V_address0              |  14|          3|    5|         15|
    |first_bit_buffer_weights_V_ce0                   |  14|          3|    1|          3|
    |first_bit_buffer_weights_V_we0                   |   9|          2|    1|          2|
    |first_processing_buffer_V_address0               |  14|          3|    5|         15|
    |first_processing_buffer_V_ce0                    |  14|          3|    1|          3|
    |first_processing_buffer_V_we0                    |   9|          2|    1|          2|
    |grp_DPEComputation_fu_250_bit_buffer_weights_q0  |  14|          3|   20|         60|
    |grp_DPEComputation_fu_250_processing_buffer_q0   |  14|          3|  640|       1920|
    |i_fu_124                                         |   9|          2|   27|         54|
    |iacts_stream_read                                |   9|          2|    1|          2|
    |j_reg_160                                        |   9|          2|   27|         54|
    |output_buf_V_ce0                                 |   9|          2|    1|          2|
    |output_buf_V_we0                                 |   9|          2|    1|          2|
    |phi_mul_fu_120                                   |   9|          2|   32|         64|
    |second_bit_buffer_weights_V_address0             |  14|          3|    5|         15|
    |second_bit_buffer_weights_V_ce0                  |  14|          3|    1|          3|
    |second_bit_buffer_weights_V_we0                  |   9|          2|    1|          2|
    |second_processing_buffer_V_address0              |  14|          3|    5|         15|
    |second_processing_buffer_V_ce0                   |  14|          3|    1|          3|
    |second_processing_buffer_V_we0                   |   9|          2|    1|          2|
    |weights_stream_V_V_0_read                        |   9|          2|    1|          2|
    |weights_stream_V_V_10_read                       |   9|          2|    1|          2|
    |weights_stream_V_V_11_read                       |   9|          2|    1|          2|
    |weights_stream_V_V_12_read                       |   9|          2|    1|          2|
    |weights_stream_V_V_13_read                       |   9|          2|    1|          2|
    |weights_stream_V_V_14_read                       |   9|          2|    1|          2|
    |weights_stream_V_V_15_read                       |   9|          2|    1|          2|
    |weights_stream_V_V_16_read                       |   9|          2|    1|          2|
    |weights_stream_V_V_17_read                       |   9|          2|    1|          2|
    |weights_stream_V_V_18_read                       |   9|          2|    1|          2|
    |weights_stream_V_V_19_read                       |   9|          2|    1|          2|
    |weights_stream_V_V_1_read                        |   9|          2|    1|          2|
    |weights_stream_V_V_20_read                       |   9|          2|    1|          2|
    |weights_stream_V_V_21_read                       |   9|          2|    1|          2|
    |weights_stream_V_V_22_read                       |   9|          2|    1|          2|
    |weights_stream_V_V_23_read                       |   9|          2|    1|          2|
    |weights_stream_V_V_24_read                       |   9|          2|    1|          2|
    |weights_stream_V_V_25_read                       |   9|          2|    1|          2|
    |weights_stream_V_V_26_read                       |   9|          2|    1|          2|
    |weights_stream_V_V_27_read                       |   9|          2|    1|          2|
    |weights_stream_V_V_28_read                       |   9|          2|    1|          2|
    |weights_stream_V_V_29_read                       |   9|          2|    1|          2|
    |weights_stream_V_V_2_read                        |   9|          2|    1|          2|
    |weights_stream_V_V_30_read                       |   9|          2|    1|          2|
    |weights_stream_V_V_31_read                       |   9|          2|    1|          2|
    |weights_stream_V_V_3_read                        |   9|          2|    1|          2|
    |weights_stream_V_V_4_read                        |   9|          2|    1|          2|
    |weights_stream_V_V_5_read                        |   9|          2|    1|          2|
    |weights_stream_V_V_6_read                        |   9|          2|    1|          2|
    |weights_stream_V_V_7_read                        |   9|          2|    1|          2|
    |weights_stream_V_V_8_read                        |   9|          2|    1|          2|
    |weights_stream_V_V_9_read                        |   9|          2|    1|          2|
    +-------------------------------------------------+----+-----------+-----+-----------+
    |Total                                            | 601|        131|  818|       2331|
    +-------------------------------------------------+----+-----------+-----+-----------+

    * Register: 
    +---------------------------------------------------------------+----+----+-----+-----------+
    |                              Name                             | FF | LUT| Bits| Const Bits|
    +---------------------------------------------------------------+----+----+-----+-----------+
    |add_ln352_reg_405                                              |  32|   0|   32|          0|
    |ap_CS_fsm                                                      |   6|   0|    6|          0|
    |ap_done_reg                                                    |   1|   0|    1|          0|
    |block_num_y_cast_i_reg_387                                     |  32|   0|   32|          0|
    |grp_CreateBitMask_fu_171_ap_start_reg                          |   1|   0|    1|          0|
    |grp_DPEComputation_fu_250_ap_start_reg                         |   1|   0|    1|          0|
    |grp_RunDataFlow_Pipeline_VITIS_LOOP_341_1_fu_243_ap_start_reg  |   1|   0|    1|          0|
    |i_2_reg_400                                                    |  27|   0|   27|          0|
    |i_3_reg_413                                                    |  27|   0|   27|          0|
    |i_fu_124                                                       |  27|   0|   27|          0|
    |icmp_ln359_reg_435                                             |   1|   0|    1|          0|
    |j_1_reg_426                                                    |  27|   0|   27|          0|
    |j_reg_160                                                      |  27|   0|   27|          0|
    |phi_mul_fu_120                                                 |  32|   0|   32|          0|
    |sub_i_reg_392                                                  |  32|   0|   32|          0|
    |trunc_ln357_reg_418                                            |   6|   0|    6|          0|
    |trunc_ln358_reg_431                                            |   1|   0|    1|          0|
    +---------------------------------------------------------------+----+----+-----+-----------+
    |Total                                                          | 281|   0|  281|          0|
    +---------------------------------------------------------------+----+----+-----+-----------+



================================================================
== Interface
================================================================
* Summary: 
+-------------------------------+-----+-----+------------+-----------------------+--------------+
|           RTL Ports           | Dir | Bits|  Protocol  |     Source Object     |    C Type    |
+-------------------------------+-----+-----+------------+-----------------------+--------------+
|ap_clk                         |   in|    1|  ap_ctrl_hs|            RunDataFlow|  return value|
|ap_rst                         |   in|    1|  ap_ctrl_hs|            RunDataFlow|  return value|
|ap_start                       |   in|    1|  ap_ctrl_hs|            RunDataFlow|  return value|
|ap_done                        |  out|    1|  ap_ctrl_hs|            RunDataFlow|  return value|
|ap_continue                    |   in|    1|  ap_ctrl_hs|            RunDataFlow|  return value|
|ap_idle                        |  out|    1|  ap_ctrl_hs|            RunDataFlow|  return value|
|ap_ready                       |  out|    1|  ap_ctrl_hs|            RunDataFlow|  return value|
|p_read                         |   in|   28|     ap_none|                 p_read|        scalar|
|p_read1                        |   in|   28|     ap_none|                p_read1|        scalar|
|iacts_stream_dout              |   in|   32|     ap_fifo|           iacts_stream|       pointer|
|iacts_stream_empty_n           |   in|    1|     ap_fifo|           iacts_stream|       pointer|
|iacts_stream_read              |  out|    1|     ap_fifo|           iacts_stream|       pointer|
|weights_stream_V_V_0_dout      |   in|   32|     ap_fifo|   weights_stream_V_V_0|       pointer|
|weights_stream_V_V_0_empty_n   |   in|    1|     ap_fifo|   weights_stream_V_V_0|       pointer|
|weights_stream_V_V_0_read      |  out|    1|     ap_fifo|   weights_stream_V_V_0|       pointer|
|weights_stream_V_V_1_dout      |   in|   32|     ap_fifo|   weights_stream_V_V_1|       pointer|
|weights_stream_V_V_1_empty_n   |   in|    1|     ap_fifo|   weights_stream_V_V_1|       pointer|
|weights_stream_V_V_1_read      |  out|    1|     ap_fifo|   weights_stream_V_V_1|       pointer|
|weights_stream_V_V_2_dout      |   in|   32|     ap_fifo|   weights_stream_V_V_2|       pointer|
|weights_stream_V_V_2_empty_n   |   in|    1|     ap_fifo|   weights_stream_V_V_2|       pointer|
|weights_stream_V_V_2_read      |  out|    1|     ap_fifo|   weights_stream_V_V_2|       pointer|
|weights_stream_V_V_3_dout      |   in|   32|     ap_fifo|   weights_stream_V_V_3|       pointer|
|weights_stream_V_V_3_empty_n   |   in|    1|     ap_fifo|   weights_stream_V_V_3|       pointer|
|weights_stream_V_V_3_read      |  out|    1|     ap_fifo|   weights_stream_V_V_3|       pointer|
|weights_stream_V_V_4_dout      |   in|   32|     ap_fifo|   weights_stream_V_V_4|       pointer|
|weights_stream_V_V_4_empty_n   |   in|    1|     ap_fifo|   weights_stream_V_V_4|       pointer|
|weights_stream_V_V_4_read      |  out|    1|     ap_fifo|   weights_stream_V_V_4|       pointer|
|weights_stream_V_V_5_dout      |   in|   32|     ap_fifo|   weights_stream_V_V_5|       pointer|
|weights_stream_V_V_5_empty_n   |   in|    1|     ap_fifo|   weights_stream_V_V_5|       pointer|
|weights_stream_V_V_5_read      |  out|    1|     ap_fifo|   weights_stream_V_V_5|       pointer|
|weights_stream_V_V_6_dout      |   in|   32|     ap_fifo|   weights_stream_V_V_6|       pointer|
|weights_stream_V_V_6_empty_n   |   in|    1|     ap_fifo|   weights_stream_V_V_6|       pointer|
|weights_stream_V_V_6_read      |  out|    1|     ap_fifo|   weights_stream_V_V_6|       pointer|
|weights_stream_V_V_7_dout      |   in|   32|     ap_fifo|   weights_stream_V_V_7|       pointer|
|weights_stream_V_V_7_empty_n   |   in|    1|     ap_fifo|   weights_stream_V_V_7|       pointer|
|weights_stream_V_V_7_read      |  out|    1|     ap_fifo|   weights_stream_V_V_7|       pointer|
|weights_stream_V_V_8_dout      |   in|   32|     ap_fifo|   weights_stream_V_V_8|       pointer|
|weights_stream_V_V_8_empty_n   |   in|    1|     ap_fifo|   weights_stream_V_V_8|       pointer|
|weights_stream_V_V_8_read      |  out|    1|     ap_fifo|   weights_stream_V_V_8|       pointer|
|weights_stream_V_V_9_dout      |   in|   32|     ap_fifo|   weights_stream_V_V_9|       pointer|
|weights_stream_V_V_9_empty_n   |   in|    1|     ap_fifo|   weights_stream_V_V_9|       pointer|
|weights_stream_V_V_9_read      |  out|    1|     ap_fifo|   weights_stream_V_V_9|       pointer|
|weights_stream_V_V_10_dout     |   in|   32|     ap_fifo|  weights_stream_V_V_10|       pointer|
|weights_stream_V_V_10_empty_n  |   in|    1|     ap_fifo|  weights_stream_V_V_10|       pointer|
|weights_stream_V_V_10_read     |  out|    1|     ap_fifo|  weights_stream_V_V_10|       pointer|
|weights_stream_V_V_11_dout     |   in|   32|     ap_fifo|  weights_stream_V_V_11|       pointer|
|weights_stream_V_V_11_empty_n  |   in|    1|     ap_fifo|  weights_stream_V_V_11|       pointer|
|weights_stream_V_V_11_read     |  out|    1|     ap_fifo|  weights_stream_V_V_11|       pointer|
|weights_stream_V_V_12_dout     |   in|   32|     ap_fifo|  weights_stream_V_V_12|       pointer|
|weights_stream_V_V_12_empty_n  |   in|    1|     ap_fifo|  weights_stream_V_V_12|       pointer|
|weights_stream_V_V_12_read     |  out|    1|     ap_fifo|  weights_stream_V_V_12|       pointer|
|weights_stream_V_V_13_dout     |   in|   32|     ap_fifo|  weights_stream_V_V_13|       pointer|
|weights_stream_V_V_13_empty_n  |   in|    1|     ap_fifo|  weights_stream_V_V_13|       pointer|
|weights_stream_V_V_13_read     |  out|    1|     ap_fifo|  weights_stream_V_V_13|       pointer|
|weights_stream_V_V_14_dout     |   in|   32|     ap_fifo|  weights_stream_V_V_14|       pointer|
|weights_stream_V_V_14_empty_n  |   in|    1|     ap_fifo|  weights_stream_V_V_14|       pointer|
|weights_stream_V_V_14_read     |  out|    1|     ap_fifo|  weights_stream_V_V_14|       pointer|
|weights_stream_V_V_15_dout     |   in|   32|     ap_fifo|  weights_stream_V_V_15|       pointer|
|weights_stream_V_V_15_empty_n  |   in|    1|     ap_fifo|  weights_stream_V_V_15|       pointer|
|weights_stream_V_V_15_read     |  out|    1|     ap_fifo|  weights_stream_V_V_15|       pointer|
|weights_stream_V_V_16_dout     |   in|   32|     ap_fifo|  weights_stream_V_V_16|       pointer|
|weights_stream_V_V_16_empty_n  |   in|    1|     ap_fifo|  weights_stream_V_V_16|       pointer|
|weights_stream_V_V_16_read     |  out|    1|     ap_fifo|  weights_stream_V_V_16|       pointer|
|weights_stream_V_V_17_dout     |   in|   32|     ap_fifo|  weights_stream_V_V_17|       pointer|
|weights_stream_V_V_17_empty_n  |   in|    1|     ap_fifo|  weights_stream_V_V_17|       pointer|
|weights_stream_V_V_17_read     |  out|    1|     ap_fifo|  weights_stream_V_V_17|       pointer|
|weights_stream_V_V_18_dout     |   in|   32|     ap_fifo|  weights_stream_V_V_18|       pointer|
|weights_stream_V_V_18_empty_n  |   in|    1|     ap_fifo|  weights_stream_V_V_18|       pointer|
|weights_stream_V_V_18_read     |  out|    1|     ap_fifo|  weights_stream_V_V_18|       pointer|
|weights_stream_V_V_19_dout     |   in|   32|     ap_fifo|  weights_stream_V_V_19|       pointer|
|weights_stream_V_V_19_empty_n  |   in|    1|     ap_fifo|  weights_stream_V_V_19|       pointer|
|weights_stream_V_V_19_read     |  out|    1|     ap_fifo|  weights_stream_V_V_19|       pointer|
|weights_stream_V_V_20_dout     |   in|   32|     ap_fifo|  weights_stream_V_V_20|       pointer|
|weights_stream_V_V_20_empty_n  |   in|    1|     ap_fifo|  weights_stream_V_V_20|       pointer|
|weights_stream_V_V_20_read     |  out|    1|     ap_fifo|  weights_stream_V_V_20|       pointer|
|weights_stream_V_V_21_dout     |   in|   32|     ap_fifo|  weights_stream_V_V_21|       pointer|
|weights_stream_V_V_21_empty_n  |   in|    1|     ap_fifo|  weights_stream_V_V_21|       pointer|
|weights_stream_V_V_21_read     |  out|    1|     ap_fifo|  weights_stream_V_V_21|       pointer|
|weights_stream_V_V_22_dout     |   in|   32|     ap_fifo|  weights_stream_V_V_22|       pointer|
|weights_stream_V_V_22_empty_n  |   in|    1|     ap_fifo|  weights_stream_V_V_22|       pointer|
|weights_stream_V_V_22_read     |  out|    1|     ap_fifo|  weights_stream_V_V_22|       pointer|
|weights_stream_V_V_23_dout     |   in|   32|     ap_fifo|  weights_stream_V_V_23|       pointer|
|weights_stream_V_V_23_empty_n  |   in|    1|     ap_fifo|  weights_stream_V_V_23|       pointer|
|weights_stream_V_V_23_read     |  out|    1|     ap_fifo|  weights_stream_V_V_23|       pointer|
|weights_stream_V_V_24_dout     |   in|   32|     ap_fifo|  weights_stream_V_V_24|       pointer|
|weights_stream_V_V_24_empty_n  |   in|    1|     ap_fifo|  weights_stream_V_V_24|       pointer|
|weights_stream_V_V_24_read     |  out|    1|     ap_fifo|  weights_stream_V_V_24|       pointer|
|weights_stream_V_V_25_dout     |   in|   32|     ap_fifo|  weights_stream_V_V_25|       pointer|
|weights_stream_V_V_25_empty_n  |   in|    1|     ap_fifo|  weights_stream_V_V_25|       pointer|
|weights_stream_V_V_25_read     |  out|    1|     ap_fifo|  weights_stream_V_V_25|       pointer|
|weights_stream_V_V_26_dout     |   in|   32|     ap_fifo|  weights_stream_V_V_26|       pointer|
|weights_stream_V_V_26_empty_n  |   in|    1|     ap_fifo|  weights_stream_V_V_26|       pointer|
|weights_stream_V_V_26_read     |  out|    1|     ap_fifo|  weights_stream_V_V_26|       pointer|
|weights_stream_V_V_27_dout     |   in|   32|     ap_fifo|  weights_stream_V_V_27|       pointer|
|weights_stream_V_V_27_empty_n  |   in|    1|     ap_fifo|  weights_stream_V_V_27|       pointer|
|weights_stream_V_V_27_read     |  out|    1|     ap_fifo|  weights_stream_V_V_27|       pointer|
|weights_stream_V_V_28_dout     |   in|   32|     ap_fifo|  weights_stream_V_V_28|       pointer|
|weights_stream_V_V_28_empty_n  |   in|    1|     ap_fifo|  weights_stream_V_V_28|       pointer|
|weights_stream_V_V_28_read     |  out|    1|     ap_fifo|  weights_stream_V_V_28|       pointer|
|weights_stream_V_V_29_dout     |   in|   32|     ap_fifo|  weights_stream_V_V_29|       pointer|
|weights_stream_V_V_29_empty_n  |   in|    1|     ap_fifo|  weights_stream_V_V_29|       pointer|
|weights_stream_V_V_29_read     |  out|    1|     ap_fifo|  weights_stream_V_V_29|       pointer|
|weights_stream_V_V_30_dout     |   in|   32|     ap_fifo|  weights_stream_V_V_30|       pointer|
|weights_stream_V_V_30_empty_n  |   in|    1|     ap_fifo|  weights_stream_V_V_30|       pointer|
|weights_stream_V_V_30_read     |  out|    1|     ap_fifo|  weights_stream_V_V_30|       pointer|
|weights_stream_V_V_31_dout     |   in|   32|     ap_fifo|  weights_stream_V_V_31|       pointer|
|weights_stream_V_V_31_empty_n  |   in|    1|     ap_fifo|  weights_stream_V_V_31|       pointer|
|weights_stream_V_V_31_read     |  out|    1|     ap_fifo|  weights_stream_V_V_31|       pointer|
|output_buf_V_address0          |  out|   10|   ap_memory|           output_buf_V|         array|
|output_buf_V_ce0               |  out|    1|   ap_memory|           output_buf_V|         array|
|output_buf_V_we0               |  out|    1|   ap_memory|           output_buf_V|         array|
|output_buf_V_d0                |  out|   32|   ap_memory|           output_buf_V|         array|
|output_buf_V_q0                |   in|   32|   ap_memory|           output_buf_V|         array|
+-------------------------------+-----+-----+------------+-----------------------+--------------+

