

================================================================
== Vitis HLS Report for 'DPEComputation_Pipeline_VITIS_LOOP_296_3'
================================================================
* Date:           Wed Nov  2 23:06:03 2022

* Version:        2021.1 (Build 3247384 on Thu Jun 10 19:36:07 MDT 2021)
* Project:        fc_layer
* Solution:       solution1 (Vivado IP Flow Target)
* Product family: virtexuplus
* Target device:  xcvu11p-flga2577-1-e


================================================================
== Performance Estimates
================================================================
+ Timing: 
    * Summary: 
    +--------+----------+----------+------------+
    |  Clock |  Target  | Estimated| Uncertainty|
    +--------+----------+----------+------------+
    |ap_clk  |  10.00 ns|  5.468 ns|     2.70 ns|
    +--------+----------+----------+------------+

+ Latency: 
    * Summary: 
    +---------+---------+-----------+-----------+------+------+---------+
    |  Latency (cycles) |   Latency (absolute)  |   Interval  | Pipeline|
    |   min   |   max   |    min    |    max    |  min |  max |   Type  |
    +---------+---------+-----------+-----------+------+------+---------+
    |     1282|     1282|  12.820 us|  12.820 us|  1282|  1282|       no|
    +---------+---------+-----------+-----------+------+------+---------+

    + Detail: 
        * Instance: 
        N/A

        * Loop: 
        +--------------------+---------+---------+----------+-----------+-----------+------+----------+
        |                    |  Latency (cycles) | Iteration|  Initiation Interval  | Trip |          |
        |      Loop Name     |   min   |   max   |  Latency |  achieved |   target  | Count| Pipelined|
        +--------------------+---------+---------+----------+-----------+-----------+------+----------+
        |- VITIS_LOOP_296_3  |     1280|     1280|        41|         40|          1|    32|       yes|
        +--------------------+---------+---------+----------+-----------+-----------+------+----------+

============================================================
+ Verbose Summary: Synthesis Manager
============================================================
InlineROM: 1
ExposeGlobal: 0
============================================================
+ Verbose Summary: CDFG Model
============================================================
IsTopModel: 0
ResetActiveHigh: 1
IsCombinational: 0
IsDatapathOnly: 0
HasWiredReturn: 1
HasMFsm: 2
HasVarLatency: 1
IsPipeline: 0
IsRtlPipelined: 0
IsInstanceOverlapped: 0
IsDontTouch: 0
HasImplIP: 0
IsGatedGlobalClock: 0

+ Individual pipeline summary: 
  * Pipeline-0: initiation interval (II) = 40, depth = 41


============================================================
+ Verbose Summary: Schedule
============================================================
* Number of FSM states : 41
* Pipeline : 1
  Pipeline-0 : II = 40, D = 41, States = { 1 2 3 4 5 6 7 8 9 10 11 12 13 14 15 16 17 18 19 20 21 22 23 24 25 26 27 28 29 30 31 32 33 34 35 36 37 38 39 40 41 }
* Dataflow Pipeline: 0

* FSM state transitions: 
1 --> 2 
2 --> 3 
3 --> 4 
4 --> 5 
5 --> 6 
6 --> 7 
7 --> 8 
8 --> 9 
9 --> 10 
10 --> 11 
11 --> 12 
12 --> 13 
13 --> 14 
14 --> 15 
15 --> 16 
16 --> 17 
17 --> 18 
18 --> 19 
19 --> 20 
20 --> 21 
21 --> 22 
22 --> 23 
23 --> 24 
24 --> 25 
25 --> 26 
26 --> 27 
27 --> 28 
28 --> 29 
29 --> 30 
30 --> 31 
31 --> 32 
32 --> 33 
33 --> 34 
34 --> 35 
35 --> 36 
36 --> 37 
37 --> 38 
38 --> 39 
39 --> 40 
40 --> 41 
41 --> 

* FSM state operations: 

State 1 <SV = 0> <Delay = 1.30>
ST_1 : Operation 44 [1/1] (0.00ns)   --->   "%i = alloca i32 1"   --->   Operation 44 'alloca' 'i' <Predicate = true> <Delay = 0.00>
ST_1 : Operation 45 [1/1] (0.00ns)   --->   "%specmemcore_ln0 = specmemcore void @_ssdm_op_SpecMemCore, i640 %processing_buffer, i64 666, i64 30, i64 1"   --->   Operation 45 'specmemcore' 'specmemcore_ln0' <Predicate = true> <Delay = 0.00>
ST_1 : Operation 46 [1/1] (0.46ns)   --->   "%store_ln0 = store i6 0, i6 %i"   --->   Operation 46 'store' 'store_ln0' <Predicate = true> <Delay = 0.46>
ST_1 : Operation 47 [1/1] (0.00ns)   --->   "%br_ln0 = br void %_ZeqILi32ELi8ELb1EL9ap_q_mode5EL9ap_o_mode3ELi0EEbRK13ap_fixed_baseIXT_EXT0_EXT1_EXT2_EXT3_EXT4_EEi.exit"   --->   Operation 47 'br' 'br_ln0' <Predicate = true> <Delay = 0.00>
ST_1 : Operation 48 [1/1] (0.00ns)   --->   "%i_9 = load i6 %i" [FC_Layer.cpp:298]   --->   Operation 48 'load' 'i_9' <Predicate = true> <Delay = 0.00>
ST_1 : Operation 49 [1/1] (0.71ns)   --->   "%icmp_ln296 = icmp_eq  i6 %i_9, i6 32" [FC_Layer.cpp:296]   --->   Operation 49 'icmp' 'icmp_ln296' <Predicate = true> <Delay = 0.71> <CoreInst = "Cmp">   --->   Core 9 'Cmp' <Latency = 0> <II = 1> <Delay = 0.80> <FuncUnit> <Opcode : 'icmp'> <InPorts = 2> <OutPorts = 1>
ST_1 : Operation 50 [1/1] (0.00ns)   --->   "%empty = speclooptripcount i32 @_ssdm_op_SpecLoopTripCount, i64 32, i64 32, i64 32"   --->   Operation 50 'speclooptripcount' 'empty' <Predicate = true> <Delay = 0.00>
ST_1 : Operation 51 [1/1] (0.84ns)   --->   "%add_ln296 = add i6 %i_9, i6 1" [FC_Layer.cpp:296]   --->   Operation 51 'add' 'add_ln296' <Predicate = true> <Delay = 0.84> <CoreInst = "Adder">   --->   Core 1 'Adder' <Latency = 0> <II = 1> <Delay = 0.84> <FuncUnit> <Opcode : 'add' 'sub'> <InPorts = 2> <OutPorts = 1>
ST_1 : Operation 52 [1/1] (0.00ns)   --->   "%br_ln296 = br i1 %icmp_ln296, void %_ZeqILi32ELi8ELb1EL9ap_q_mode5EL9ap_o_mode3ELi0EEbRK13ap_fixed_baseIXT_EXT0_EXT1_EXT2_EXT3_EXT4_EEi.exit.split, void %.exitStub" [FC_Layer.cpp:296]   --->   Operation 52 'br' 'br_ln296' <Predicate = true> <Delay = 0.00>
ST_1 : Operation 53 [1/1] (0.00ns)   --->   "%zext_ln296 = zext i6 %i_9" [FC_Layer.cpp:296]   --->   Operation 53 'zext' 'zext_ln296' <Predicate = (!icmp_ln296)> <Delay = 0.00>
ST_1 : Operation 54 [1/1] (0.00ns)   --->   "%IACT_TEMP_BUFFER_addr = getelementptr i32 %IACT_TEMP_BUFFER, i64 0, i64 %zext_ln296"   --->   Operation 54 'getelementptr' 'IACT_TEMP_BUFFER_addr' <Predicate = (!icmp_ln296)> <Delay = 0.00>
ST_1 : Operation 55 [2/2] (1.29ns)   --->   "%IACT_TEMP_BUFFER_load = load i5 %IACT_TEMP_BUFFER_addr"   --->   Operation 55 'load' 'IACT_TEMP_BUFFER_load' <Predicate = (!icmp_ln296)> <Delay = 1.29> <CoreInst = "RAM">   --->   Core 83 'RAM' <Latency = 1> <II = 1> <Delay = 1.29> <Storage> <Opcode : 'load' 'store'> <Ports = 2> <Width = 32> <Depth = 32> <RAM>
ST_1 : Operation 56 [1/1] (0.00ns)   --->   "%trunc_ln298 = trunc i6 %i_9" [FC_Layer.cpp:298]   --->   Operation 56 'trunc' 'trunc_ln298' <Predicate = (!icmp_ln296)> <Delay = 0.00>
ST_1 : Operation 57 [1/1] (0.46ns)   --->   "%store_ln296 = store i6 %add_ln296, i6 %i" [FC_Layer.cpp:296]   --->   Operation 57 'store' 'store_ln296' <Predicate = (!icmp_ln296)> <Delay = 0.46>
ST_1 : Operation 105 [1/1] (0.00ns)   --->   "%ret_ln0 = ret"   --->   Operation 105 'ret' 'ret_ln0' <Predicate = (icmp_ln296)> <Delay = 0.00>

State 2 <SV = 1> <Delay = 5.46>
ST_2 : Operation 58 [1/2] (1.29ns)   --->   "%IACT_TEMP_BUFFER_load = load i5 %IACT_TEMP_BUFFER_addr"   --->   Operation 58 'load' 'IACT_TEMP_BUFFER_load' <Predicate = (!icmp_ln296)> <Delay = 1.29> <CoreInst = "RAM">   --->   Core 83 'RAM' <Latency = 1> <II = 1> <Delay = 1.29> <Storage> <Opcode : 'load' 'store'> <Ports = 2> <Width = 32> <Depth = 32> <RAM>
ST_2 : Operation 59 [1/1] (0.80ns)   --->   "%icmp_ln1551 = icmp_eq  i32 %IACT_TEMP_BUFFER_load, i32 0"   --->   Operation 59 'icmp' 'icmp_ln1551' <Predicate = (!icmp_ln296)> <Delay = 0.80> <CoreInst = "Cmp">   --->   Core 9 'Cmp' <Latency = 0> <II = 1> <Delay = 0.80> <FuncUnit> <Opcode : 'icmp'> <InPorts = 2> <OutPorts = 1>
ST_2 : Operation 60 [1/1] (0.00ns)   --->   "%zext_ln298 = zext i5 %trunc_ln298" [FC_Layer.cpp:298]   --->   Operation 60 'zext' 'zext_ln298' <Predicate = (!icmp_ln296)> <Delay = 0.00>
ST_2 : Operation 61 [1/1] (0.34ns)   --->   "%broadcast_idx = select i1 %icmp_ln1551, i6 63, i6 %zext_ln298" [FC_Layer.cpp:298]   --->   Operation 61 'select' 'broadcast_idx' <Predicate = (!icmp_ln296)> <Delay = 0.34> <CoreInst = "Sel">   --->   Core 73 'Sel' <Latency = 0> <II = 1> <Delay = 0.34> <FuncUnit> <Opcode : 'select'> <InPorts = 3> <OutPorts = 1>
ST_2 : Operation 62 [40/40] (3.02ns)   --->   "%call_ln299 = call void @DPEUnit, i32 %IACT_TEMP_BUFFER_load, i6 %broadcast_idx, i640 %processing_buffer, i20 %bit_buffer_weights, i32 %local_output_buf_V, i5 %trunc_ln298" [FC_Layer.cpp:299]   --->   Operation 62 'call' 'call_ln299' <Predicate = (!icmp_ln296)> <Delay = 3.02> <CoreType = "Generic">   --->   Core 0 '' <Latency = 0> <II = 1> <Delay = 1.00> <Generic> <Opcode : >

State 3 <SV = 2> <Delay = 5.19>
ST_3 : Operation 63 [39/40] (5.19ns)   --->   "%call_ln299 = call void @DPEUnit, i32 %IACT_TEMP_BUFFER_load, i6 %broadcast_idx, i640 %processing_buffer, i20 %bit_buffer_weights, i32 %local_output_buf_V, i5 %trunc_ln298" [FC_Layer.cpp:299]   --->   Operation 63 'call' 'call_ln299' <Predicate = (!icmp_ln296)> <Delay = 5.19> <CoreType = "Generic">   --->   Core 0 '' <Latency = 0> <II = 1> <Delay = 1.00> <Generic> <Opcode : >

State 4 <SV = 3> <Delay = 5.19>
ST_4 : Operation 64 [38/40] (5.19ns)   --->   "%call_ln299 = call void @DPEUnit, i32 %IACT_TEMP_BUFFER_load, i6 %broadcast_idx, i640 %processing_buffer, i20 %bit_buffer_weights, i32 %local_output_buf_V, i5 %trunc_ln298" [FC_Layer.cpp:299]   --->   Operation 64 'call' 'call_ln299' <Predicate = (!icmp_ln296)> <Delay = 5.19> <CoreType = "Generic">   --->   Core 0 '' <Latency = 0> <II = 1> <Delay = 1.00> <Generic> <Opcode : >

State 5 <SV = 4> <Delay = 5.19>
ST_5 : Operation 65 [37/40] (5.19ns)   --->   "%call_ln299 = call void @DPEUnit, i32 %IACT_TEMP_BUFFER_load, i6 %broadcast_idx, i640 %processing_buffer, i20 %bit_buffer_weights, i32 %local_output_buf_V, i5 %trunc_ln298" [FC_Layer.cpp:299]   --->   Operation 65 'call' 'call_ln299' <Predicate = (!icmp_ln296)> <Delay = 5.19> <CoreType = "Generic">   --->   Core 0 '' <Latency = 0> <II = 1> <Delay = 1.00> <Generic> <Opcode : >

State 6 <SV = 5> <Delay = 5.19>
ST_6 : Operation 66 [36/40] (5.19ns)   --->   "%call_ln299 = call void @DPEUnit, i32 %IACT_TEMP_BUFFER_load, i6 %broadcast_idx, i640 %processing_buffer, i20 %bit_buffer_weights, i32 %local_output_buf_V, i5 %trunc_ln298" [FC_Layer.cpp:299]   --->   Operation 66 'call' 'call_ln299' <Predicate = (!icmp_ln296)> <Delay = 5.19> <CoreType = "Generic">   --->   Core 0 '' <Latency = 0> <II = 1> <Delay = 1.00> <Generic> <Opcode : >

State 7 <SV = 6> <Delay = 5.19>
ST_7 : Operation 67 [35/40] (5.19ns)   --->   "%call_ln299 = call void @DPEUnit, i32 %IACT_TEMP_BUFFER_load, i6 %broadcast_idx, i640 %processing_buffer, i20 %bit_buffer_weights, i32 %local_output_buf_V, i5 %trunc_ln298" [FC_Layer.cpp:299]   --->   Operation 67 'call' 'call_ln299' <Predicate = (!icmp_ln296)> <Delay = 5.19> <CoreType = "Generic">   --->   Core 0 '' <Latency = 0> <II = 1> <Delay = 1.00> <Generic> <Opcode : >

State 8 <SV = 7> <Delay = 5.19>
ST_8 : Operation 68 [34/40] (5.19ns)   --->   "%call_ln299 = call void @DPEUnit, i32 %IACT_TEMP_BUFFER_load, i6 %broadcast_idx, i640 %processing_buffer, i20 %bit_buffer_weights, i32 %local_output_buf_V, i5 %trunc_ln298" [FC_Layer.cpp:299]   --->   Operation 68 'call' 'call_ln299' <Predicate = (!icmp_ln296)> <Delay = 5.19> <CoreType = "Generic">   --->   Core 0 '' <Latency = 0> <II = 1> <Delay = 1.00> <Generic> <Opcode : >

State 9 <SV = 8> <Delay = 5.19>
ST_9 : Operation 69 [33/40] (5.19ns)   --->   "%call_ln299 = call void @DPEUnit, i32 %IACT_TEMP_BUFFER_load, i6 %broadcast_idx, i640 %processing_buffer, i20 %bit_buffer_weights, i32 %local_output_buf_V, i5 %trunc_ln298" [FC_Layer.cpp:299]   --->   Operation 69 'call' 'call_ln299' <Predicate = (!icmp_ln296)> <Delay = 5.19> <CoreType = "Generic">   --->   Core 0 '' <Latency = 0> <II = 1> <Delay = 1.00> <Generic> <Opcode : >

State 10 <SV = 9> <Delay = 5.19>
ST_10 : Operation 70 [32/40] (5.19ns)   --->   "%call_ln299 = call void @DPEUnit, i32 %IACT_TEMP_BUFFER_load, i6 %broadcast_idx, i640 %processing_buffer, i20 %bit_buffer_weights, i32 %local_output_buf_V, i5 %trunc_ln298" [FC_Layer.cpp:299]   --->   Operation 70 'call' 'call_ln299' <Predicate = (!icmp_ln296)> <Delay = 5.19> <CoreType = "Generic">   --->   Core 0 '' <Latency = 0> <II = 1> <Delay = 1.00> <Generic> <Opcode : >

State 11 <SV = 10> <Delay = 5.19>
ST_11 : Operation 71 [31/40] (5.19ns)   --->   "%call_ln299 = call void @DPEUnit, i32 %IACT_TEMP_BUFFER_load, i6 %broadcast_idx, i640 %processing_buffer, i20 %bit_buffer_weights, i32 %local_output_buf_V, i5 %trunc_ln298" [FC_Layer.cpp:299]   --->   Operation 71 'call' 'call_ln299' <Predicate = (!icmp_ln296)> <Delay = 5.19> <CoreType = "Generic">   --->   Core 0 '' <Latency = 0> <II = 1> <Delay = 1.00> <Generic> <Opcode : >

State 12 <SV = 11> <Delay = 5.19>
ST_12 : Operation 72 [30/40] (5.19ns)   --->   "%call_ln299 = call void @DPEUnit, i32 %IACT_TEMP_BUFFER_load, i6 %broadcast_idx, i640 %processing_buffer, i20 %bit_buffer_weights, i32 %local_output_buf_V, i5 %trunc_ln298" [FC_Layer.cpp:299]   --->   Operation 72 'call' 'call_ln299' <Predicate = (!icmp_ln296)> <Delay = 5.19> <CoreType = "Generic">   --->   Core 0 '' <Latency = 0> <II = 1> <Delay = 1.00> <Generic> <Opcode : >

State 13 <SV = 12> <Delay = 5.19>
ST_13 : Operation 73 [29/40] (5.19ns)   --->   "%call_ln299 = call void @DPEUnit, i32 %IACT_TEMP_BUFFER_load, i6 %broadcast_idx, i640 %processing_buffer, i20 %bit_buffer_weights, i32 %local_output_buf_V, i5 %trunc_ln298" [FC_Layer.cpp:299]   --->   Operation 73 'call' 'call_ln299' <Predicate = (!icmp_ln296)> <Delay = 5.19> <CoreType = "Generic">   --->   Core 0 '' <Latency = 0> <II = 1> <Delay = 1.00> <Generic> <Opcode : >

State 14 <SV = 13> <Delay = 5.19>
ST_14 : Operation 74 [28/40] (5.19ns)   --->   "%call_ln299 = call void @DPEUnit, i32 %IACT_TEMP_BUFFER_load, i6 %broadcast_idx, i640 %processing_buffer, i20 %bit_buffer_weights, i32 %local_output_buf_V, i5 %trunc_ln298" [FC_Layer.cpp:299]   --->   Operation 74 'call' 'call_ln299' <Predicate = (!icmp_ln296)> <Delay = 5.19> <CoreType = "Generic">   --->   Core 0 '' <Latency = 0> <II = 1> <Delay = 1.00> <Generic> <Opcode : >

State 15 <SV = 14> <Delay = 5.19>
ST_15 : Operation 75 [27/40] (5.19ns)   --->   "%call_ln299 = call void @DPEUnit, i32 %IACT_TEMP_BUFFER_load, i6 %broadcast_idx, i640 %processing_buffer, i20 %bit_buffer_weights, i32 %local_output_buf_V, i5 %trunc_ln298" [FC_Layer.cpp:299]   --->   Operation 75 'call' 'call_ln299' <Predicate = (!icmp_ln296)> <Delay = 5.19> <CoreType = "Generic">   --->   Core 0 '' <Latency = 0> <II = 1> <Delay = 1.00> <Generic> <Opcode : >

State 16 <SV = 15> <Delay = 5.19>
ST_16 : Operation 76 [26/40] (5.19ns)   --->   "%call_ln299 = call void @DPEUnit, i32 %IACT_TEMP_BUFFER_load, i6 %broadcast_idx, i640 %processing_buffer, i20 %bit_buffer_weights, i32 %local_output_buf_V, i5 %trunc_ln298" [FC_Layer.cpp:299]   --->   Operation 76 'call' 'call_ln299' <Predicate = (!icmp_ln296)> <Delay = 5.19> <CoreType = "Generic">   --->   Core 0 '' <Latency = 0> <II = 1> <Delay = 1.00> <Generic> <Opcode : >

State 17 <SV = 16> <Delay = 5.19>
ST_17 : Operation 77 [25/40] (5.19ns)   --->   "%call_ln299 = call void @DPEUnit, i32 %IACT_TEMP_BUFFER_load, i6 %broadcast_idx, i640 %processing_buffer, i20 %bit_buffer_weights, i32 %local_output_buf_V, i5 %trunc_ln298" [FC_Layer.cpp:299]   --->   Operation 77 'call' 'call_ln299' <Predicate = (!icmp_ln296)> <Delay = 5.19> <CoreType = "Generic">   --->   Core 0 '' <Latency = 0> <II = 1> <Delay = 1.00> <Generic> <Opcode : >

State 18 <SV = 17> <Delay = 5.19>
ST_18 : Operation 78 [24/40] (5.19ns)   --->   "%call_ln299 = call void @DPEUnit, i32 %IACT_TEMP_BUFFER_load, i6 %broadcast_idx, i640 %processing_buffer, i20 %bit_buffer_weights, i32 %local_output_buf_V, i5 %trunc_ln298" [FC_Layer.cpp:299]   --->   Operation 78 'call' 'call_ln299' <Predicate = (!icmp_ln296)> <Delay = 5.19> <CoreType = "Generic">   --->   Core 0 '' <Latency = 0> <II = 1> <Delay = 1.00> <Generic> <Opcode : >

State 19 <SV = 18> <Delay = 5.19>
ST_19 : Operation 79 [23/40] (5.19ns)   --->   "%call_ln299 = call void @DPEUnit, i32 %IACT_TEMP_BUFFER_load, i6 %broadcast_idx, i640 %processing_buffer, i20 %bit_buffer_weights, i32 %local_output_buf_V, i5 %trunc_ln298" [FC_Layer.cpp:299]   --->   Operation 79 'call' 'call_ln299' <Predicate = (!icmp_ln296)> <Delay = 5.19> <CoreType = "Generic">   --->   Core 0 '' <Latency = 0> <II = 1> <Delay = 1.00> <Generic> <Opcode : >

State 20 <SV = 19> <Delay = 5.19>
ST_20 : Operation 80 [22/40] (5.19ns)   --->   "%call_ln299 = call void @DPEUnit, i32 %IACT_TEMP_BUFFER_load, i6 %broadcast_idx, i640 %processing_buffer, i20 %bit_buffer_weights, i32 %local_output_buf_V, i5 %trunc_ln298" [FC_Layer.cpp:299]   --->   Operation 80 'call' 'call_ln299' <Predicate = (!icmp_ln296)> <Delay = 5.19> <CoreType = "Generic">   --->   Core 0 '' <Latency = 0> <II = 1> <Delay = 1.00> <Generic> <Opcode : >

State 21 <SV = 20> <Delay = 5.19>
ST_21 : Operation 81 [21/40] (5.19ns)   --->   "%call_ln299 = call void @DPEUnit, i32 %IACT_TEMP_BUFFER_load, i6 %broadcast_idx, i640 %processing_buffer, i20 %bit_buffer_weights, i32 %local_output_buf_V, i5 %trunc_ln298" [FC_Layer.cpp:299]   --->   Operation 81 'call' 'call_ln299' <Predicate = (!icmp_ln296)> <Delay = 5.19> <CoreType = "Generic">   --->   Core 0 '' <Latency = 0> <II = 1> <Delay = 1.00> <Generic> <Opcode : >

State 22 <SV = 21> <Delay = 5.19>
ST_22 : Operation 82 [20/40] (5.19ns)   --->   "%call_ln299 = call void @DPEUnit, i32 %IACT_TEMP_BUFFER_load, i6 %broadcast_idx, i640 %processing_buffer, i20 %bit_buffer_weights, i32 %local_output_buf_V, i5 %trunc_ln298" [FC_Layer.cpp:299]   --->   Operation 82 'call' 'call_ln299' <Predicate = (!icmp_ln296)> <Delay = 5.19> <CoreType = "Generic">   --->   Core 0 '' <Latency = 0> <II = 1> <Delay = 1.00> <Generic> <Opcode : >

State 23 <SV = 22> <Delay = 5.19>
ST_23 : Operation 83 [19/40] (5.19ns)   --->   "%call_ln299 = call void @DPEUnit, i32 %IACT_TEMP_BUFFER_load, i6 %broadcast_idx, i640 %processing_buffer, i20 %bit_buffer_weights, i32 %local_output_buf_V, i5 %trunc_ln298" [FC_Layer.cpp:299]   --->   Operation 83 'call' 'call_ln299' <Predicate = (!icmp_ln296)> <Delay = 5.19> <CoreType = "Generic">   --->   Core 0 '' <Latency = 0> <II = 1> <Delay = 1.00> <Generic> <Opcode : >

State 24 <SV = 23> <Delay = 5.19>
ST_24 : Operation 84 [18/40] (5.19ns)   --->   "%call_ln299 = call void @DPEUnit, i32 %IACT_TEMP_BUFFER_load, i6 %broadcast_idx, i640 %processing_buffer, i20 %bit_buffer_weights, i32 %local_output_buf_V, i5 %trunc_ln298" [FC_Layer.cpp:299]   --->   Operation 84 'call' 'call_ln299' <Predicate = (!icmp_ln296)> <Delay = 5.19> <CoreType = "Generic">   --->   Core 0 '' <Latency = 0> <II = 1> <Delay = 1.00> <Generic> <Opcode : >

State 25 <SV = 24> <Delay = 5.19>
ST_25 : Operation 85 [17/40] (5.19ns)   --->   "%call_ln299 = call void @DPEUnit, i32 %IACT_TEMP_BUFFER_load, i6 %broadcast_idx, i640 %processing_buffer, i20 %bit_buffer_weights, i32 %local_output_buf_V, i5 %trunc_ln298" [FC_Layer.cpp:299]   --->   Operation 85 'call' 'call_ln299' <Predicate = (!icmp_ln296)> <Delay = 5.19> <CoreType = "Generic">   --->   Core 0 '' <Latency = 0> <II = 1> <Delay = 1.00> <Generic> <Opcode : >

State 26 <SV = 25> <Delay = 5.19>
ST_26 : Operation 86 [16/40] (5.19ns)   --->   "%call_ln299 = call void @DPEUnit, i32 %IACT_TEMP_BUFFER_load, i6 %broadcast_idx, i640 %processing_buffer, i20 %bit_buffer_weights, i32 %local_output_buf_V, i5 %trunc_ln298" [FC_Layer.cpp:299]   --->   Operation 86 'call' 'call_ln299' <Predicate = (!icmp_ln296)> <Delay = 5.19> <CoreType = "Generic">   --->   Core 0 '' <Latency = 0> <II = 1> <Delay = 1.00> <Generic> <Opcode : >

State 27 <SV = 26> <Delay = 5.19>
ST_27 : Operation 87 [15/40] (5.19ns)   --->   "%call_ln299 = call void @DPEUnit, i32 %IACT_TEMP_BUFFER_load, i6 %broadcast_idx, i640 %processing_buffer, i20 %bit_buffer_weights, i32 %local_output_buf_V, i5 %trunc_ln298" [FC_Layer.cpp:299]   --->   Operation 87 'call' 'call_ln299' <Predicate = (!icmp_ln296)> <Delay = 5.19> <CoreType = "Generic">   --->   Core 0 '' <Latency = 0> <II = 1> <Delay = 1.00> <Generic> <Opcode : >

State 28 <SV = 27> <Delay = 5.19>
ST_28 : Operation 88 [14/40] (5.19ns)   --->   "%call_ln299 = call void @DPEUnit, i32 %IACT_TEMP_BUFFER_load, i6 %broadcast_idx, i640 %processing_buffer, i20 %bit_buffer_weights, i32 %local_output_buf_V, i5 %trunc_ln298" [FC_Layer.cpp:299]   --->   Operation 88 'call' 'call_ln299' <Predicate = (!icmp_ln296)> <Delay = 5.19> <CoreType = "Generic">   --->   Core 0 '' <Latency = 0> <II = 1> <Delay = 1.00> <Generic> <Opcode : >

State 29 <SV = 28> <Delay = 5.19>
ST_29 : Operation 89 [13/40] (5.19ns)   --->   "%call_ln299 = call void @DPEUnit, i32 %IACT_TEMP_BUFFER_load, i6 %broadcast_idx, i640 %processing_buffer, i20 %bit_buffer_weights, i32 %local_output_buf_V, i5 %trunc_ln298" [FC_Layer.cpp:299]   --->   Operation 89 'call' 'call_ln299' <Predicate = (!icmp_ln296)> <Delay = 5.19> <CoreType = "Generic">   --->   Core 0 '' <Latency = 0> <II = 1> <Delay = 1.00> <Generic> <Opcode : >

State 30 <SV = 29> <Delay = 5.19>
ST_30 : Operation 90 [12/40] (5.19ns)   --->   "%call_ln299 = call void @DPEUnit, i32 %IACT_TEMP_BUFFER_load, i6 %broadcast_idx, i640 %processing_buffer, i20 %bit_buffer_weights, i32 %local_output_buf_V, i5 %trunc_ln298" [FC_Layer.cpp:299]   --->   Operation 90 'call' 'call_ln299' <Predicate = (!icmp_ln296)> <Delay = 5.19> <CoreType = "Generic">   --->   Core 0 '' <Latency = 0> <II = 1> <Delay = 1.00> <Generic> <Opcode : >

State 31 <SV = 30> <Delay = 5.19>
ST_31 : Operation 91 [11/40] (5.19ns)   --->   "%call_ln299 = call void @DPEUnit, i32 %IACT_TEMP_BUFFER_load, i6 %broadcast_idx, i640 %processing_buffer, i20 %bit_buffer_weights, i32 %local_output_buf_V, i5 %trunc_ln298" [FC_Layer.cpp:299]   --->   Operation 91 'call' 'call_ln299' <Predicate = (!icmp_ln296)> <Delay = 5.19> <CoreType = "Generic">   --->   Core 0 '' <Latency = 0> <II = 1> <Delay = 1.00> <Generic> <Opcode : >

State 32 <SV = 31> <Delay = 5.19>
ST_32 : Operation 92 [10/40] (5.19ns)   --->   "%call_ln299 = call void @DPEUnit, i32 %IACT_TEMP_BUFFER_load, i6 %broadcast_idx, i640 %processing_buffer, i20 %bit_buffer_weights, i32 %local_output_buf_V, i5 %trunc_ln298" [FC_Layer.cpp:299]   --->   Operation 92 'call' 'call_ln299' <Predicate = (!icmp_ln296)> <Delay = 5.19> <CoreType = "Generic">   --->   Core 0 '' <Latency = 0> <II = 1> <Delay = 1.00> <Generic> <Opcode : >

State 33 <SV = 32> <Delay = 5.19>
ST_33 : Operation 93 [9/40] (5.19ns)   --->   "%call_ln299 = call void @DPEUnit, i32 %IACT_TEMP_BUFFER_load, i6 %broadcast_idx, i640 %processing_buffer, i20 %bit_buffer_weights, i32 %local_output_buf_V, i5 %trunc_ln298" [FC_Layer.cpp:299]   --->   Operation 93 'call' 'call_ln299' <Predicate = (!icmp_ln296)> <Delay = 5.19> <CoreType = "Generic">   --->   Core 0 '' <Latency = 0> <II = 1> <Delay = 1.00> <Generic> <Opcode : >

State 34 <SV = 33> <Delay = 5.19>
ST_34 : Operation 94 [8/40] (5.19ns)   --->   "%call_ln299 = call void @DPEUnit, i32 %IACT_TEMP_BUFFER_load, i6 %broadcast_idx, i640 %processing_buffer, i20 %bit_buffer_weights, i32 %local_output_buf_V, i5 %trunc_ln298" [FC_Layer.cpp:299]   --->   Operation 94 'call' 'call_ln299' <Predicate = (!icmp_ln296)> <Delay = 5.19> <CoreType = "Generic">   --->   Core 0 '' <Latency = 0> <II = 1> <Delay = 1.00> <Generic> <Opcode : >

State 35 <SV = 34> <Delay = 5.19>
ST_35 : Operation 95 [7/40] (5.19ns)   --->   "%call_ln299 = call void @DPEUnit, i32 %IACT_TEMP_BUFFER_load, i6 %broadcast_idx, i640 %processing_buffer, i20 %bit_buffer_weights, i32 %local_output_buf_V, i5 %trunc_ln298" [FC_Layer.cpp:299]   --->   Operation 95 'call' 'call_ln299' <Predicate = (!icmp_ln296)> <Delay = 5.19> <CoreType = "Generic">   --->   Core 0 '' <Latency = 0> <II = 1> <Delay = 1.00> <Generic> <Opcode : >

State 36 <SV = 35> <Delay = 5.19>
ST_36 : Operation 96 [6/40] (5.19ns)   --->   "%call_ln299 = call void @DPEUnit, i32 %IACT_TEMP_BUFFER_load, i6 %broadcast_idx, i640 %processing_buffer, i20 %bit_buffer_weights, i32 %local_output_buf_V, i5 %trunc_ln298" [FC_Layer.cpp:299]   --->   Operation 96 'call' 'call_ln299' <Predicate = (!icmp_ln296)> <Delay = 5.19> <CoreType = "Generic">   --->   Core 0 '' <Latency = 0> <II = 1> <Delay = 1.00> <Generic> <Opcode : >

State 37 <SV = 36> <Delay = 5.19>
ST_37 : Operation 97 [5/40] (5.19ns)   --->   "%call_ln299 = call void @DPEUnit, i32 %IACT_TEMP_BUFFER_load, i6 %broadcast_idx, i640 %processing_buffer, i20 %bit_buffer_weights, i32 %local_output_buf_V, i5 %trunc_ln298" [FC_Layer.cpp:299]   --->   Operation 97 'call' 'call_ln299' <Predicate = (!icmp_ln296)> <Delay = 5.19> <CoreType = "Generic">   --->   Core 0 '' <Latency = 0> <II = 1> <Delay = 1.00> <Generic> <Opcode : >

State 38 <SV = 37> <Delay = 5.19>
ST_38 : Operation 98 [4/40] (5.19ns)   --->   "%call_ln299 = call void @DPEUnit, i32 %IACT_TEMP_BUFFER_load, i6 %broadcast_idx, i640 %processing_buffer, i20 %bit_buffer_weights, i32 %local_output_buf_V, i5 %trunc_ln298" [FC_Layer.cpp:299]   --->   Operation 98 'call' 'call_ln299' <Predicate = (!icmp_ln296)> <Delay = 5.19> <CoreType = "Generic">   --->   Core 0 '' <Latency = 0> <II = 1> <Delay = 1.00> <Generic> <Opcode : >

State 39 <SV = 38> <Delay = 5.19>
ST_39 : Operation 99 [3/40] (5.19ns)   --->   "%call_ln299 = call void @DPEUnit, i32 %IACT_TEMP_BUFFER_load, i6 %broadcast_idx, i640 %processing_buffer, i20 %bit_buffer_weights, i32 %local_output_buf_V, i5 %trunc_ln298" [FC_Layer.cpp:299]   --->   Operation 99 'call' 'call_ln299' <Predicate = (!icmp_ln296)> <Delay = 5.19> <CoreType = "Generic">   --->   Core 0 '' <Latency = 0> <II = 1> <Delay = 1.00> <Generic> <Opcode : >

State 40 <SV = 39> <Delay = 5.19>
ST_40 : Operation 100 [2/40] (5.19ns)   --->   "%call_ln299 = call void @DPEUnit, i32 %IACT_TEMP_BUFFER_load, i6 %broadcast_idx, i640 %processing_buffer, i20 %bit_buffer_weights, i32 %local_output_buf_V, i5 %trunc_ln298" [FC_Layer.cpp:299]   --->   Operation 100 'call' 'call_ln299' <Predicate = (!icmp_ln296)> <Delay = 5.19> <CoreType = "Generic">   --->   Core 0 '' <Latency = 0> <II = 1> <Delay = 1.00> <Generic> <Opcode : >

State 41 <SV = 40> <Delay = 0.00>
ST_41 : Operation 101 [1/1] (0.00ns)   --->   "%specpipeline_ln296 = specpipeline void @_ssdm_op_SpecPipeline, i32 4294967295, i32 0, i32 0, i32 0, void @empty_13" [FC_Layer.cpp:296]   --->   Operation 101 'specpipeline' 'specpipeline_ln296' <Predicate = true> <Delay = 0.00>
ST_41 : Operation 102 [1/1] (0.00ns)   --->   "%specloopname_ln296 = specloopname void @_ssdm_op_SpecLoopName, void @empty_20" [FC_Layer.cpp:296]   --->   Operation 102 'specloopname' 'specloopname_ln296' <Predicate = true> <Delay = 0.00>
ST_41 : Operation 103 [1/40] (0.00ns)   --->   "%call_ln299 = call void @DPEUnit, i32 %IACT_TEMP_BUFFER_load, i6 %broadcast_idx, i640 %processing_buffer, i20 %bit_buffer_weights, i32 %local_output_buf_V, i5 %trunc_ln298" [FC_Layer.cpp:299]   --->   Operation 103 'call' 'call_ln299' <Predicate = true> <Delay = 0.00> <CoreType = "Generic">   --->   Core 0 '' <Latency = 0> <II = 1> <Delay = 1.00> <Generic> <Opcode : >
ST_41 : Operation 104 [1/1] (0.00ns)   --->   "%br_ln0 = br void %_ZeqILi32ELi8ELb1EL9ap_q_mode5EL9ap_o_mode3ELi0EEbRK13ap_fixed_baseIXT_EXT0_EXT1_EXT2_EXT3_EXT4_EEi.exit"   --->   Operation 104 'br' 'br_ln0' <Predicate = true> <Delay = 0.00>


============================================================
+ Verbose Summary: Timing violations
============================================================
Target clock period: 10ns, clock uncertainty: 2.7ns.

 <State 1>: 1.3ns
The critical path consists of the following:
	'alloca' operation ('i') [5]  (0 ns)
	'load' operation ('i', FC_Layer.cpp:298) on local variable 'i' [10]  (0 ns)
	'add' operation ('add_ln296', FC_Layer.cpp:296) [13]  (0.84 ns)
	'store' operation ('store_ln296', FC_Layer.cpp:296) of variable 'add_ln296', FC_Layer.cpp:296 on local variable 'i' [26]  (0.46 ns)

 <State 2>: 5.47ns
The critical path consists of the following:
	'load' operation ('IACT_TEMP_BUFFER_load') on array 'IACT_TEMP_BUFFER' [20]  (1.3 ns)
	'icmp' operation ('icmp_ln1551') [21]  (0.802 ns)
	'select' operation ('broadcast_idx', FC_Layer.cpp:298) [24]  (0.345 ns)
	'call' operation ('call_ln299', FC_Layer.cpp:299) to 'DPEUnit' [25]  (3.02 ns)

 <State 3>: 5.2ns
The critical path consists of the following:
	'call' operation ('call_ln299', FC_Layer.cpp:299) to 'DPEUnit' [25]  (5.2 ns)

 <State 4>: 5.2ns
The critical path consists of the following:
	'call' operation ('call_ln299', FC_Layer.cpp:299) to 'DPEUnit' [25]  (5.2 ns)

 <State 5>: 5.2ns
The critical path consists of the following:
	'call' operation ('call_ln299', FC_Layer.cpp:299) to 'DPEUnit' [25]  (5.2 ns)

 <State 6>: 5.2ns
The critical path consists of the following:
	'call' operation ('call_ln299', FC_Layer.cpp:299) to 'DPEUnit' [25]  (5.2 ns)

 <State 7>: 5.2ns
The critical path consists of the following:
	'call' operation ('call_ln299', FC_Layer.cpp:299) to 'DPEUnit' [25]  (5.2 ns)

 <State 8>: 5.2ns
The critical path consists of the following:
	'call' operation ('call_ln299', FC_Layer.cpp:299) to 'DPEUnit' [25]  (5.2 ns)

 <State 9>: 5.2ns
The critical path consists of the following:
	'call' operation ('call_ln299', FC_Layer.cpp:299) to 'DPEUnit' [25]  (5.2 ns)

 <State 10>: 5.2ns
The critical path consists of the following:
	'call' operation ('call_ln299', FC_Layer.cpp:299) to 'DPEUnit' [25]  (5.2 ns)

 <State 11>: 5.2ns
The critical path consists of the following:
	'call' operation ('call_ln299', FC_Layer.cpp:299) to 'DPEUnit' [25]  (5.2 ns)

 <State 12>: 5.2ns
The critical path consists of the following:
	'call' operation ('call_ln299', FC_Layer.cpp:299) to 'DPEUnit' [25]  (5.2 ns)

 <State 13>: 5.2ns
The critical path consists of the following:
	'call' operation ('call_ln299', FC_Layer.cpp:299) to 'DPEUnit' [25]  (5.2 ns)

 <State 14>: 5.2ns
The critical path consists of the following:
	'call' operation ('call_ln299', FC_Layer.cpp:299) to 'DPEUnit' [25]  (5.2 ns)

 <State 15>: 5.2ns
The critical path consists of the following:
	'call' operation ('call_ln299', FC_Layer.cpp:299) to 'DPEUnit' [25]  (5.2 ns)

 <State 16>: 5.2ns
The critical path consists of the following:
	'call' operation ('call_ln299', FC_Layer.cpp:299) to 'DPEUnit' [25]  (5.2 ns)

 <State 17>: 5.2ns
The critical path consists of the following:
	'call' operation ('call_ln299', FC_Layer.cpp:299) to 'DPEUnit' [25]  (5.2 ns)

 <State 18>: 5.2ns
The critical path consists of the following:
	'call' operation ('call_ln299', FC_Layer.cpp:299) to 'DPEUnit' [25]  (5.2 ns)

 <State 19>: 5.2ns
The critical path consists of the following:
	'call' operation ('call_ln299', FC_Layer.cpp:299) to 'DPEUnit' [25]  (5.2 ns)

 <State 20>: 5.2ns
The critical path consists of the following:
	'call' operation ('call_ln299', FC_Layer.cpp:299) to 'DPEUnit' [25]  (5.2 ns)

 <State 21>: 5.2ns
The critical path consists of the following:
	'call' operation ('call_ln299', FC_Layer.cpp:299) to 'DPEUnit' [25]  (5.2 ns)

 <State 22>: 5.2ns
The critical path consists of the following:
	'call' operation ('call_ln299', FC_Layer.cpp:299) to 'DPEUnit' [25]  (5.2 ns)

 <State 23>: 5.2ns
The critical path consists of the following:
	'call' operation ('call_ln299', FC_Layer.cpp:299) to 'DPEUnit' [25]  (5.2 ns)

 <State 24>: 5.2ns
The critical path consists of the following:
	'call' operation ('call_ln299', FC_Layer.cpp:299) to 'DPEUnit' [25]  (5.2 ns)

 <State 25>: 5.2ns
The critical path consists of the following:
	'call' operation ('call_ln299', FC_Layer.cpp:299) to 'DPEUnit' [25]  (5.2 ns)

 <State 26>: 5.2ns
The critical path consists of the following:
	'call' operation ('call_ln299', FC_Layer.cpp:299) to 'DPEUnit' [25]  (5.2 ns)

 <State 27>: 5.2ns
The critical path consists of the following:
	'call' operation ('call_ln299', FC_Layer.cpp:299) to 'DPEUnit' [25]  (5.2 ns)

 <State 28>: 5.2ns
The critical path consists of the following:
	'call' operation ('call_ln299', FC_Layer.cpp:299) to 'DPEUnit' [25]  (5.2 ns)

 <State 29>: 5.2ns
The critical path consists of the following:
	'call' operation ('call_ln299', FC_Layer.cpp:299) to 'DPEUnit' [25]  (5.2 ns)

 <State 30>: 5.2ns
The critical path consists of the following:
	'call' operation ('call_ln299', FC_Layer.cpp:299) to 'DPEUnit' [25]  (5.2 ns)

 <State 31>: 5.2ns
The critical path consists of the following:
	'call' operation ('call_ln299', FC_Layer.cpp:299) to 'DPEUnit' [25]  (5.2 ns)

 <State 32>: 5.2ns
The critical path consists of the following:
	'call' operation ('call_ln299', FC_Layer.cpp:299) to 'DPEUnit' [25]  (5.2 ns)

 <State 33>: 5.2ns
The critical path consists of the following:
	'call' operation ('call_ln299', FC_Layer.cpp:299) to 'DPEUnit' [25]  (5.2 ns)

 <State 34>: 5.2ns
The critical path consists of the following:
	'call' operation ('call_ln299', FC_Layer.cpp:299) to 'DPEUnit' [25]  (5.2 ns)

 <State 35>: 5.2ns
The critical path consists of the following:
	'call' operation ('call_ln299', FC_Layer.cpp:299) to 'DPEUnit' [25]  (5.2 ns)

 <State 36>: 5.2ns
The critical path consists of the following:
	'call' operation ('call_ln299', FC_Layer.cpp:299) to 'DPEUnit' [25]  (5.2 ns)

 <State 37>: 5.2ns
The critical path consists of the following:
	'call' operation ('call_ln299', FC_Layer.cpp:299) to 'DPEUnit' [25]  (5.2 ns)

 <State 38>: 5.2ns
The critical path consists of the following:
	'call' operation ('call_ln299', FC_Layer.cpp:299) to 'DPEUnit' [25]  (5.2 ns)

 <State 39>: 5.2ns
The critical path consists of the following:
	'call' operation ('call_ln299', FC_Layer.cpp:299) to 'DPEUnit' [25]  (5.2 ns)

 <State 40>: 5.2ns
The critical path consists of the following:
	'call' operation ('call_ln299', FC_Layer.cpp:299) to 'DPEUnit' [25]  (5.2 ns)

 <State 41>: 0ns
The critical path consists of the following:


============================================================
+ Verbose Summary: Binding
============================================================
N/A
* FSMD analyzer results:
  - Output states:
 - Input state : 
  - Chain level:
	State 1
	State 2
	State 3
	State 4
	State 5
	State 6
	State 7
	State 8
	State 9
	State 10
	State 11
	State 12
	State 13
	State 14
	State 15
	State 16
	State 17
	State 18
	State 19
	State 20
	State 21
	State 22
	State 23
	State 24
	State 25
	State 26
	State 27
	State 28
	State 29
	State 30
	State 31
	State 32
	State 33
	State 34
	State 35
	State 36
	State 37
	State 38
	State 39
	State 40
	State 41


============================================================
+ Verbose Summary: Datapath Resource usage 
============================================================
N/A
